[2017-02-13 12:42:33pm]-getRelatedSet was unsuccessful-Related set "List_ODL" not present.
[2017-02-13 12:45:09pm]-getRelatedSet was unsuccessful-Related set "List_ODL" not present.
[2017-02-13 12:46:03pm]-getRelatedSet was unsuccessful-Related set "List_ODL" not present.
[2017-02-13 12:48:12pm]-getRelatedSet was unsuccessful-Related set "List_ODL" not present.
[2017-02-13 12:48:53pm]-Error in deleting the file
[2017-02-13 12:49:00pm]-getRelatedSet was unsuccessful-Related set "List_ODL" not present.
[2017-02-13 12:50:08pm]-getRelatedSet was unsuccessful-Related set "List_ODL" not present.
[2017-02-13 12:51:15pm]-getRelatedSet was unsuccessful-Related set "List_ODL" not present.
[2017-02-13 12:51:26pm]-getRelatedSet was unsuccessful-Related set "List_ODL" not present.
[2017-02-13 12:52:14pm]-getRelatedSet was unsuccessful-Related set "List_ODL" not present.
[2017-02-13 12:54:11pm]-getRelatedSet was unsuccessful-Related set "List_ODL" not present.
[2017-02-13 12:54:26pm]-getRelatedSet was unsuccessful-Related set "List_ODL" not present.
[2017-02-13 12:54:29pm]-getRelatedSet was unsuccessful-Related set "List_ODL" not present.
[2017-02-13 12:55:16pm]-getRelatedSet was unsuccessful-Related set "List_ODL" not present.
[2017-02-13 01:00:51pm]-getRelatedSet was unsuccessful-Related set "List_ODL" not present.
[2017-02-13 02:39:15pm]-Error in deleting the file
[2017-02-13 02:41:09pm]-Unable to getRecordById in rr-Find criteria are empty
[2017-02-13 02:47:01pm]-Error in deleting the file
[2017-02-13 04:34:14pm]-getRelatedSet was unsuccessful-Related set "List_ODL" not present.
[2017-02-13 04:36:14pm]-getRelatedSet was unsuccessful-Related set "List_ODL" not present.
[2017-02-13 04:41:50pm]-getRelatedSet was unsuccessful-Related set "List_ODL" not present.
[2017-02-13 04:42:59pm]-getRelatedSet was unsuccessful-Related set "List_ODL" not present.
[2017-02-13 04:47:31pm]-getRelatedSet was unsuccessful-Related set "List_ODL" not present.
[2017-02-13 04:47:39pm]-getRelatedSet was unsuccessful-Related set "List_ODL" not present.
[2017-02-13 04:48:37pm]-getRelatedSet was unsuccessful-Related set "List_ODL" not present.
[2017-02-13 04:53:15pm]-getRelatedSet was unsuccessful-Related set "List_ODL" not present.
[2017-02-13 04:53:54pm]-Unable to getRecordById in rr-Find criteria are empty
[2017-02-13 04:56:40pm]-getRelatedSet was unsuccessful-Related set "List_ODL" not present.
[2017-02-13 04:56:47pm]-getRelatedSet was unsuccessful-Related set "List_ODL" not present.
[2017-02-13 04:58:02pm]-getRelatedSet was unsuccessful-Related set "List_ODL" not present.
[2017-02-13 04:58:05pm]-getRelatedSet was unsuccessful-Related set "List_ODL" not present.
[2017-02-13 04:58:18pm]-Unable to getRecordById in rr-Find criteria are empty
[2017-02-13 04:58:22pm]-Unable to getRecordById in rr-Find criteria are empty
[2017-02-13 05:01:00pm]-getRelatedSet was unsuccessful-Related set "List_ODL" not present.
[2017-02-13 05:01:28pm]-Unable to getRecordById in rr-Find criteria are empty
[2017-02-13 05:03:04pm]-getRelatedSet was unsuccessful-Related set "List_ODL" not present.
[2017-02-13 05:04:42pm]-getRelatedSet was unsuccessful-Related set "List_ODL" not present.
[2017-02-13 05:05:46pm]-getRelatedSet was unsuccessful-Related set "List_ODL" not present.
[2017-02-13 05:10:14pm]-getRelatedSet was unsuccessful-Related set "List_ODL" not present.
[2017-02-13 05:10:20pm]-getRelatedSet was unsuccessful-Related set "List_ODL" not present.
[2017-02-13 05:10:34pm]-getRelatedSet was unsuccessful-Related set "List_ODL" not present.
[2017-02-13 05:10:56pm]-getRelatedSet was unsuccessful-Related set "List_ODL" not present.
[2017-02-13 06:28:10pm]-getRelatedSet was unsuccessful-Related set "List_ODL" not present.
[2017-02-13 06:28:24pm]-Unable to getRecordById in ff-Field Not Found
[2017-02-13 06:28:24pm]-Unable to getRecordById in ff-Field cannot be modified
[2017-02-13 06:28:24pm]-Unable to getRecordById in rr-Find criteria are empty
[2017-02-13 06:31:45pm]-getRelatedSet was unsuccessful-Related set "List_ODL" not present.
[2017-02-13 06:32:24pm]-getRelatedSet was unsuccessful-Related set "List_ODL" not present.
