[2017-02-06 05:34:59pm]-Connection Successful!
[2017-02-06 05:34:59pm]-getRecordsById method Successful
[2017-02-06 05:46:50pm]-Connection Successful!
[2017-02-06 05:46:50pm]-getRecordById method Successful
[2017-02-06 05:49:20pm]-Connection Successful!
[2017-02-06 05:49:20pm]-getRecordById method Successful
[2017-02-06 05:54:37pm]-Connection Successful!
[2017-02-06 05:54:37pm]-Data Fetch Successful!
[2017-02-06 05:54:40pm]-Connection Successful!
[2017-02-06 05:54:40pm]-Data Fetch Successful!
[2017-02-06 06:35:13pm]-Connection Successful!
[2017-02-06 06:35:13pm]-Data Fetch Successful!
[2017-02-06 06:36:43pm]-Connection Successful!
[2017-02-06 06:36:43pm]-Deletion Successful!
[2017-02-06 06:36:43pm]-Connection Successful!
[2017-02-06 06:36:46pm]-Data Fetch Successful!
[2017-02-06 06:38:44pm]-Connection Successful!
[2017-02-06 06:38:44pm]-Data Fetch Successful!
[2017-02-06 06:38:48pm]-Connection Successful!
[2017-02-06 06:38:48pm]-getRecordById method Successful
[2017-02-06 06:49:24pm]-Connection Successful!
[2017-02-06 06:49:25pm]-Data Fetch Successful!
[2017-02-06 07:07:31pm]-Connection Successful!
